#
# There is insufficient memory for the Java Runtime Environment to continue.
# Native memory allocation (malloc) failed to allocate 1217840 bytes for Chunk::new
# Possible reasons:
#   The system is out of physical RAM or swap space
#   In 32 bit mode, the process size limit was hit
# Possible solutions:
#   Reduce memory load on the system
#   Increase physical memory or swap space
#   Check if swap backing store is full
#   Use 64 bit Java on a 64 bit OS
#   Decrease Java heap size (-Xmx/-Xms)
#   Decrease number of Java threads
#   Decrease Java thread stack sizes (-Xss)
#   Set larger code cache with -XX:ReservedCodeCacheSize=
# This output file may be truncated or incomplete.
#
#  Out of Memory Error (allocation.cpp:317), pid=24813, tid=1789188976
#
# JRE version: 6.0_27-b27
# Java VM: OpenJDK Server VM (20.0-b12 mixed mode linux-x86 )
# Derivative: IcedTea6 1.12.6
# Distribution: Debian GNU/Linux 7.0 (wheezy), package 6b27-1.12.6-1~deb7u1

---------------  T H R E A D  ---------------

Current thread (0x6afb2800):  JavaThread "C2 CompilerThread0" daemon [_thread_in_native, id=24830, stack(0x6a9cd000,0x6aa4e000)]

Stack: [0x6a9cd000,0x6aa4e000]

Current CompileTask:
C2:   1708 159      com.android.dx.ssa.SCCP.run()V (298 bytes)


---------------  P R O C E S S  ---------------

Java Threads: ( => current thread )
  0x6afb6c00 JavaThread "Low Memory Detector" daemon [_thread_blocked, id=24832, stack(0x6a8fb000,0x6a94c000)]
  0x6afb4800 JavaThread "C2 CompilerThread1" daemon [_thread_in_native, id=24831, stack(0x6a94c000,0x6a9cd000)]
=>0x6afb2800 JavaThread "C2 CompilerThread0" daemon [_thread_in_native, id=24830, stack(0x6a9cd000,0x6aa4e000)]
  0x6afb1400 JavaThread "Signal Dispatcher" daemon [_thread_blocked, id=24829, stack(0x6aa4e000,0x6aa9f000)]
  0x6afa0800 JavaThread "Finalizer" daemon [_thread_blocked, id=24828, stack(0x6ac16000,0x6ac67000)]
  0x6af9f000 JavaThread "Reference Handler" daemon [_thread_blocked, id=24827, stack(0x6ac67000,0x6acb8000)]
  0x09e29400 JavaThread "main" [_thread_in_Java, id=24821, stack(0xb6751000,0xb67a2000)]

Other Threads:
  0x6af9c400 VMThread [stack: 0x6acb8000,0x6ad39000] [id=24826]
  0x6afb9000 WatcherThread [stack: 0x6a87a000,0x6a8fb000] [id=24833]

VM state:not at safepoint (normal execution)

VM Mutex/Monitor currently owned by a thread: None

Heap
 PSYoungGen      total 18368K, used 6656K [0x9e0c0000, 0xa04a0000, 0xb3610000)
  eden space 15808K, 25% used [0x9e0c0000,0x9e4c1478,0x9f030000)
  from space 2560K, 99% used [0x9f030000,0x9f2aed08,0x9f2b0000)
  to   space 2560K, 0% used [0xa0220000,0xa0220000,0xa04a0000)
 PSOldGen        total 41856K, used 3783K [0x73610000, 0x75ef0000, 0x9e0c0000)
  object space 41856K, 9% used [0x73610000,0x739c1dd0,0x75ef0000)
 PSPermGen       total 16384K, used 4521K [0x6b610000, 0x6c610000, 0x73610000)
  object space 16384K, 27% used [0x6b610000,0x6ba7a458,0x6c610000)

Code Cache  [0xb36d5000, 0xb3915000, 0xb66d5000)
 total_blobs=304 nmethods=198 adapters=60 free_code_cache=49501760 largest_free_block=6336

Dynamic libraries:
08048000-08051000 r-xp 00000000 08:04 9969956    /usr/lib/jvm/java-6-openjdk-i386/jre/bin/java
08051000-08052000 rwxp 00008000 08:04 9969956    /usr/lib/jvm/java-6-openjdk-i386/jre/bin/java
09e22000-0c469000 rwxp 00000000 00:00 0          [heap]
66500000-66670000 rwxp 00000000 00:00 0 
66670000-66700000 ---p 00000000 00:00 0 
66700000-66900000 rwxp 00000000 00:00 0 
66900000-669e8000 rwxp 00000000 00:00 0 
669e8000-66a00000 ---p 00000000 00:00 0 
66a00000-66aff000 rwxp 00000000 00:00 0 
66aff000-66b00000 ---p 00000000 00:00 0 
66b00000-66bb0000 rwxp 00000000 00:00 0 
66bb0000-66c00000 ---p 00000000 00:00 0 
66c00000-66dfa000 rwxp 00000000 00:00 0 
66dfa000-66e00000 ---p 00000000 00:00 0 
66e00000-66ef1000 rwxp 00000000 00:00 0 
66ef1000-66f00000 ---p 00000000 00:00 0 
66f00000-66ff7000 rwxp 00000000 00:00 0 
66ff7000-67000000 ---p 00000000 00:00 0 
67000000-670fd000 rwxp 00000000 00:00 0 
670fd000-67100000 ---p 00000000 00:00 0 
67100000-671fa000 rwxp 00000000 00:00 0 
671fa000-67200000 ---p 00000000 00:00 0 
67200000-67300000 rwxp 00000000 00:00 0 
67300000-674fb000 rwxp 00000000 00:00 0 
674fb000-67500000 ---p 00000000 00:00 0 
67500000-67700000 rwxp 00000000 00:00 0 
67700000-67900000 rwxp 00000000 00:00 0 
67900000-67b00000 rwxp 00000000 00:00 0 
67b00000-67d00000 rwxp 00000000 00:00 0 
67d00000-67f00000 rwxp 00000000 00:00 0 
67f00000-68100000 rwxp 00000000 00:00 0 
68100000-68300000 rwxp 00000000 00:00 0 
68300000-68500000 rwxp 00000000 00:00 0 
68500000-68700000 rwxp 00000000 00:00 0 
68700000-68900000 rwxp 00000000 00:00 0 
68900000-68b00000 rwxp 00000000 00:00 0 
68b00000-68d00000 rwxp 00000000 00:00 0 
68d00000-68f00000 rwxp 00000000 00:00 0 
68f00000-69100000 rwxp 00000000 00:00 0 
69100000-69300000 rwxp 00000000 00:00 0 
69300000-69500000 rwxp 00000000 00:00 0 
69500000-69700000 rwxp 00000000 00:00 0 
69700000-69900000 rwxp 00000000 00:00 0 
69900000-69b00000 rwxp 00000000 00:00 0 
69b00000-69d00000 rwxp 00000000 00:00 0 
69d00000-69f00000 rwxp 00000000 00:00 0 
69f00000-6a100000 rwxp 00000000 00:00 0 
6a100000-6a1fb000 rwxp 00000000 00:00 0 
6a1fb000-6a200000 ---p 00000000 00:00 0 
6a200000-6a2fa000 rwxp 00000000 00:00 0 
6a2fa000-6a300000 ---p 00000000 00:00 0 
6a300000-6a3fc000 rwxp 00000000 00:00 0 
6a3fc000-6a400000 ---p 00000000 00:00 0 
6a400000-6a4fa000 rwxp 00000000 00:00 0 
6a4fa000-6a500000 ---p 00000000 00:00 0 
6a500000-6a5ec000 rwxp 00000000 00:00 0 
6a5ec000-6a600000 ---p 00000000 00:00 0 
6a600000-6a6f9000 rwxp 00000000 00:00 0 
6a6f9000-6a700000 ---p 00000000 00:00 0 
6a700000-6a7fc000 rwxp 00000000 00:00 0 
6a7fc000-6a800000 ---p 00000000 00:00 0 
6a805000-6a87a000 rwxp 00000000 00:00 0 
6a87a000-6a87b000 ---p 00000000 00:00 0 
6a87b000-6a8fb000 rwxp 00000000 00:00 0 
6a8fb000-6a8fe000 ---p 00000000 00:00 0 
6a8fe000-6a94c000 rwxp 00000000 00:00 0 
6a94c000-6a94f000 ---p 00000000 00:00 0 
6a94f000-6a9cd000 rwxp 00000000 00:00 0 
6a9cd000-6a9d0000 ---p 00000000 00:00 0 
6a9d0000-6aa4e000 rwxp 00000000 00:00 0 
6aa4e000-6aa51000 ---p 00000000 00:00 0 
6aa51000-6aa9f000 rwxp 00000000 00:00 0 
6aa9f000-6ac16000 r-xp 00000000 08:04 9969484    /usr/lib/locale/locale-archive
6ac16000-6ac19000 ---p 00000000 00:00 0 
6ac19000-6ac67000 rwxp 00000000 00:00 0 
6ac67000-6ac6a000 ---p 00000000 00:00 0 
6ac6a000-6acb8000 rwxp 00000000 00:00 0 
6acb8000-6acb9000 ---p 00000000 00:00 0 
6acb9000-6ad6c000 rwxp 00000000 00:00 0 
6ad6c000-6af00000 r-xs 03807000 08:04 9970033    /usr/lib/jvm/java-6-openjdk-i386/jre/lib/rt.jar
6af00000-6affc000 rwxp 00000000 00:00 0 
6affc000-6b000000 ---p 00000000 00:00 0 
6b01c000-6b021000 r-xs 00043000 08:04 11021613   /home/adhikari/projects/wishfill/hello/platforms/android/libs/cordova-3.1.0.jar
6b021000-6b024000 r-xs 0007f000 08:04 9969924    /usr/lib/jvm/java-6-openjdk-common/jre/lib/jsse.jar
6b024000-6b027000 r-xs 00077000 08:04 9969918    /usr/lib/jvm/java-6-openjdk-common/jre/lib/ext/localedata.jar
6b027000-6b035000 r-xs 000cf000 08:04 5902606    /home/adhikari/android/bkup_sdk/build-tools/19.0.0/lib/dx.jar
6b035000-6b036000 ---p 00000000 00:00 0 
6b036000-6b0b6000 rwxp 00000000 00:00 0 
6b0b6000-6b0b7000 ---p 00000000 00:00 0 
6b0b7000-6b137000 rwxp 00000000 00:00 0 
6b137000-6b138000 ---p 00000000 00:00 0 
6b138000-6b1b8000 rwxp 00000000 00:00 0 
6b1b8000-6b1b9000 ---p 00000000 00:00 0 
6b1b9000-6b241000 rwxp 00000000 00:00 0 
6b241000-6b279000 rwxp 00000000 00:00 0 
6b279000-6b28e000 rwxp 00000000 00:00 0 
6b28e000-6b3cf000 rwxp 00000000 00:00 0 
6b3cf000-6b3d7000 rwxp 00000000 00:00 0 
6b3d7000-6b40f000 rwxp 00000000 00:00 0 
6b40f000-6b424000 rwxp 00000000 00:00 0 
6b424000-6b564000 rwxp 00000000 00:00 0 
6b564000-6b577000 rwxp 00000000 00:00 0 
6b577000-6b60f000 rwxp 00000000 00:00 0 
6b60f000-6c610000 rwxp 00000000 00:00 0 
6c610000-73610000 rwxp 00000000 00:00 0 
73610000-75ef0000 rwxp 00000000 00:00 0 
75ef0000-9e0c0000 rwxp 00000000 00:00 0 
9e0c0000-a04a0000 rwxp 00000000 00:00 0 
a04a0000-b3610000 rwxp 00000000 00:00 0 
b3611000-b3615000 r-xs 00039000 08:04 9969916    /usr/lib/jvm/java-6-openjdk-common/jre/lib/ext/sunpkcs11.jar
b3615000-b361e000 rwxp 00000000 00:00 0 
b361e000-b36d5000 rwxp 00000000 00:00 0 
b36d5000-b3915000 rwxp 00000000 00:00 0 
b3915000-b66d5000 rwxp 00000000 00:00 0 
b66d5000-b66df000 r-xp 00000000 08:04 11534804   /lib/i386-linux-gnu/i686/cmov/libnss_files-2.13.so
b66df000-b66e0000 r-xp 00009000 08:04 11534804   /lib/i386-linux-gnu/i686/cmov/libnss_files-2.13.so
b66e0000-b66e1000 rwxp 0000a000 08:04 11534804   /lib/i386-linux-gnu/i686/cmov/libnss_files-2.13.so
b66e1000-b66ea000 r-xp 00000000 08:04 11534808   /lib/i386-linux-gnu/i686/cmov/libnss_nis-2.13.so
b66ea000-b66eb000 r-xp 00008000 08:04 11534808   /lib/i386-linux-gnu/i686/cmov/libnss_nis-2.13.so
b66eb000-b66ec000 rwxp 00009000 08:04 11534808   /lib/i386-linux-gnu/i686/cmov/libnss_nis-2.13.so
b66ec000-b66f2000 r-xp 00000000 08:04 11534800   /lib/i386-linux-gnu/i686/cmov/libnss_compat-2.13.so
b66f2000-b66f3000 r-xp 00005000 08:04 11534800   /lib/i386-linux-gnu/i686/cmov/libnss_compat-2.13.so
b66f3000-b66f4000 rwxp 00006000 08:04 11534800   /lib/i386-linux-gnu/i686/cmov/libnss_compat-2.13.so
b66f4000-b6707000 r-xp 00000000 08:04 11534798   /lib/i386-linux-gnu/i686/cmov/libnsl-2.13.so
b6707000-b6708000 r-xp 00012000 08:04 11534798   /lib/i386-linux-gnu/i686/cmov/libnsl-2.13.so
b6708000-b6709000 rwxp 00013000 08:04 11534798   /lib/i386-linux-gnu/i686/cmov/libnsl-2.13.so
b6709000-b670b000 rwxp 00000000 00:00 0 
b670b000-b670c000 r-xs 00007000 08:04 11149030   /usr/share/java/java-atk-wrapper.jar
b670c000-b670f000 r-xs 00031000 08:04 9969919    /usr/lib/jvm/java-6-openjdk-common/jre/lib/ext/sunjce_provider.jar
b670f000-b6716000 r-xp 00000000 08:04 9970021    /usr/lib/jvm/java-6-openjdk-i386/jre/lib/i386/libzip.so
b6716000-b6717000 rwxp 00007000 08:04 9970021    /usr/lib/jvm/java-6-openjdk-i386/jre/lib/i386/libzip.so
b6717000-b671f000 rwxs 00000000 08:04 7347722    /tmp/hsperfdata_adhikari/24813
b671f000-b6746000 r-xp 00000000 08:04 9970022    /usr/lib/jvm/java-6-openjdk-i386/jre/lib/i386/libjava.so
b6746000-b6748000 rwxp 00027000 08:04 9970022    /usr/lib/jvm/java-6-openjdk-i386/jre/lib/i386/libjava.so
b6748000-b674f000 r-xp 00000000 08:04 11534817   /lib/i386-linux-gnu/i686/cmov/librt-2.13.so
b674f000-b6750000 r-xp 00006000 08:04 11534817   /lib/i386-linux-gnu/i686/cmov/librt-2.13.so
b6750000-b6751000 rwxp 00007000 08:04 11534817   /lib/i386-linux-gnu/i686/cmov/librt-2.13.so
b6751000-b6754000 ---p 00000000 00:00 0 
b6754000-b67a2000 rwxp 00000000 00:00 0 
b67a2000-b67be000 r-xp 00000000 08:04 11534867   /lib/i386-linux-gnu/libgcc_s.so.1
b67be000-b67bf000 rwxp 0001b000 08:04 11534867   /lib/i386-linux-gnu/libgcc_s.so.1
b67bf000-b67e3000 r-xp 00000000 08:04 11534795   /lib/i386-linux-gnu/i686/cmov/libm-2.13.so
b67e3000-b67e4000 r-xp 00023000 08:04 11534795   /lib/i386-linux-gnu/i686/cmov/libm-2.13.so
b67e4000-b67e5000 rwxp 00024000 08:04 11534795   /lib/i386-linux-gnu/i686/cmov/libm-2.13.so
b67e5000-b68c5000 r-xp 00000000 08:04 9967506    /usr/lib/i386-linux-gnu/libstdc++.so.6.0.17
b68c5000-b68c9000 r-xp 000e0000 08:04 9967506    /usr/lib/i386-linux-gnu/libstdc++.so.6.0.17
b68c9000-b68ca000 rwxp 000e4000 08:04 9967506    /usr/lib/i386-linux-gnu/libstdc++.so.6.0.17
b68ca000-b68d1000 rwxp 00000000 00:00 0 
b68d1000-b70ee000 r-xp 00000000 08:04 9970007    /usr/lib/jvm/java-6-openjdk-i386/jre/lib/i386/server/libjvm.so
b70ee000-b7142000 rwxp 0081d000 08:04 9970007    /usr/lib/jvm/java-6-openjdk-i386/jre/lib/i386/server/libjvm.so
b7142000-b755e000 rwxp 00000000 00:00 0 
b755e000-b76ba000 r-xp 00000000 08:04 11534787   /lib/i386-linux-gnu/i686/cmov/libc-2.13.so
b76ba000-b76bb000 ---p 0015c000 08:04 11534787   /lib/i386-linux-gnu/i686/cmov/libc-2.13.so
b76bb000-b76bd000 r-xp 0015c000 08:04 11534787   /lib/i386-linux-gnu/i686/cmov/libc-2.13.so
b76bd000-b76be000 rwxp 0015e000 08:04 11534787   /lib/i386-linux-gnu/i686/cmov/libc-2.13.so
b76be000-b76c1000 rwxp 00000000 00:00 0 
b76c1000-b76c3000 r-xp 00000000 08:04 11534793   /lib/i386-linux-gnu/i686/cmov/libdl-2.13.so
b76c3000-b76c4000 r-xp 00001000 08:04 11534793   /lib/i386-linux-gnu/i686/cmov/libdl-2.13.so
b76c4000-b76c5000 rwxp 00002000 08:04 11534793   /lib/i386-linux-gnu/i686/cmov/libdl-2.13.so
b76c5000-b76c9000 r-xp 00000000 08:04 9970000    /usr/lib/jvm/java-6-openjdk-i386/jre/lib/i386/jli/libjli.so
b76c9000-b76ca000 rwxp 00003000 08:04 9970000    /usr/lib/jvm/java-6-openjdk-i386/jre/lib/i386/jli/libjli.so
b76ca000-b76df000 r-xp 00000000 08:04 11534813   /lib/i386-linux-gnu/i686/cmov/libpthread-2.13.so
b76df000-b76e0000 r-xp 00014000 08:04 11534813   /lib/i386-linux-gnu/i686/cmov/libpthread-2.13.so
b76e0000-b76e1000 rwxp 00015000 08:04 11534813   /lib/i386-linux-gnu/i686/cmov/libpthread-2.13.so
b76e1000-b76e4000 rwxp 00000000 00:00 0 
b76e4000-b76fb000 r-xp 00000000 08:04 11534976   /lib/i386-linux-gnu/libz.so.1.2.7
b76fb000-b76fc000 r-xp 00016000 08:04 11534976   /lib/i386-linux-gnu/libz.so.1.2.7
b76fc000-b76fd000 rwxp 00017000 08:04 11534976   /lib/i386-linux-gnu/libz.so.1.2.7
b76fd000-b76ff000 r-xs 0000f000 08:04 9969917    /usr/lib/jvm/java-6-openjdk-common/jre/lib/ext/pulse-java.jar
b76ff000-b7701000 r-xs 00001000 08:04 9969920    /usr/lib/jvm/java-6-openjdk-common/jre/lib/ext/dnsns.jar
b7701000-b7702000 rwxp 00000000 00:00 0 
b7702000-b7703000 r-xp 00000000 00:00 0 
b7703000-b7710000 r-xp 00000000 08:04 9970018    /usr/lib/jvm/java-6-openjdk-i386/jre/lib/i386/libverify.so
b7710000-b7711000 rwxp 0000c000 08:04 9970018    /usr/lib/jvm/java-6-openjdk-i386/jre/lib/i386/libverify.so
b7711000-b7713000 rwxp 00000000 00:00 0 
b7713000-b7714000 r-xp 00000000 00:00 0          [vdso]
b7714000-b7730000 r-xp 00000000 08:04 11534823   /lib/i386-linux-gnu/ld-2.13.so
b7730000-b7731000 r-xp 0001b000 08:04 11534823   /lib/i386-linux-gnu/ld-2.13.so
b7731000-b7732000 rwxp 0001c000 08:04 11534823   /lib/i386-linux-gnu/ld-2.13.so
bfe59000-bfe8d000 rw-p 00000000 00:00 0          [stack]

VM Arguments:
jvm_args: -Xmx1024M 
java_command: /home/adhikari/android/bkup_sdk/build-tools/19.0.0/lib/dx.jar --dex --output /home/adhikari/projects/wishfill/hello/platforms/android/bin/dexedLibs/cordova-3.1.0-6f6a751e3d0f54c5a2055594f46b829a.jar /home/adhikari/projects/wishfill/hello/platforms/android/libs/cordova-3.1.0.jar
Launcher Type: SUN_STANDARD

Environment Variables:
PATH=/home/adhikari/.rvm/gems/ruby-1.9.3-p448/bin:/home/adhikari/.rvm/gems/ruby-1.9.3-p448@global/bin:/home/adhikari/.rvm/rubies/ruby-1.9.3-p448/bin:/home/adhikari/.rvm/bin:/usr/local/bin:/usr/bin:/bin:/usr/local/games:/usr/games:/home/adhikari/hadoop-0.20.2-cdh3u4/bin:/home/adhikari/hbase-0.90.6-cdh3u4/bin:/home/adhikari/elasticsearch-0.20.2/bin:/home/adhikari/android/bkup_sdk/tools:/home/adhikari/android/bkup_sdk/platform-tools
LD_LIBRARY_PATH=/usr/lib/jvm/java-6-openjdk-i386/jre/lib/i386/server:/usr/lib/jvm/java-6-openjdk-i386/jre/lib/i386:/usr/lib/jvm/java-6-openjdk-i386/jre/../lib/i386
SHELL=/bin/bash
DISPLAY=:0.0

Signal Handlers:
SIGSEGV: [libjvm.so+0x67b270], sa_mask[0]=0x7ffbfeff, sa_flags=0x10000004
SIGBUS: [libjvm.so+0x67b270], sa_mask[0]=0x7ffbfeff, sa_flags=0x10000004
SIGFPE: [libjvm.so+0x5413f0], sa_mask[0]=0x7ffbfeff, sa_flags=0x10000004
SIGPIPE: [libjvm.so+0x5413f0], sa_mask[0]=0x7ffbfeff, sa_flags=0x10000004
SIGXFSZ: [libjvm.so+0x5413f0], sa_mask[0]=0x7ffbfeff, sa_flags=0x10000004
SIGILL: [libjvm.so+0x5413f0], sa_mask[0]=0x7ffbfeff, sa_flags=0x10000004
SIGUSR1: SIG_DFL, sa_mask[0]=0x00000000, sa_flags=0x00000000
SIGUSR2: [libjvm.so+0x541290], sa_mask[0]=0x00000004, sa_flags=0x10000004
SIGHUP: [libjvm.so+0x543d80], sa_mask[0]=0x7ffbfeff, sa_flags=0x10000004
SIGINT: [libjvm.so+0x543d80], sa_mask[0]=0x7ffbfeff, sa_flags=0x10000004
SIGTERM: [libjvm.so+0x543d80], sa_mask[0]=0x7ffbfeff, sa_flags=0x10000004
SIGQUIT: [libjvm.so+0x543d80], sa_mask[0]=0x7ffbfeff, sa_flags=0x10000004


---------------  S Y S T E M  ---------------

OS:7.1

uname:Linux 3.2.0-4-686-pae #1 SMP Debian 3.2.46-1+deb7u1 i686
libc:glibc 2.13 NPTL 2.13 
rlimit: STACK 8192k, CORE 0k, NPROC 31288, NOFILE 4096, AS infinity
load average:2.89 1.83 1.37

/proc/meminfo:
MemTotal:        4015540 kB
MemFree:          163900 kB
Buffers:            6416 kB
Cached:           198152 kB
SwapCached:            0 kB
Active:          3612356 kB
Inactive:         164068 kB
Active(anon):    3580528 kB
Inactive(anon):   129876 kB
Active(file):      31828 kB
Inactive(file):    34192 kB
Unevictable:           0 kB
Mlocked:               0 kB
HighTotal:       3153724 kB
HighFree:            276 kB
LowTotal:         861816 kB
LowFree:          163624 kB
SwapTotal:             0 kB
SwapFree:              0 kB
Dirty:              8140 kB
Writeback:             4 kB
AnonPages:       3572688 kB
Mapped:            60880 kB
Shmem:            138160 kB
Slab:              32100 kB
SReclaimable:      12484 kB
SUnreclaim:        19616 kB
KernelStack:        4432 kB
PageTables:        23092 kB
NFS_Unstable:          0 kB
Bounce:                0 kB
WritebackTmp:          0 kB
CommitLimit:     2007768 kB
Committed_AS:    7250484 kB
VmallocTotal:     122880 kB
VmallocUsed:       16736 kB
VmallocChunk:     104796 kB
HardwareCorrupted:     0 kB
AnonHugePages:         0 kB
HugePages_Total:       0
HugePages_Free:        0
HugePages_Rsvd:        0
HugePages_Surp:        0
Hugepagesize:       2048 kB
DirectMap4k:       10232 kB
DirectMap2M:      901120 kB


CPU:total 4 (2 cores per cpu, 2 threads per core) family 6 model 58 stepping 9, cmov, cx8, fxsr, mmx, sse, sse2, sse3, ssse3, sse4.1, sse4.2, popcnt, ht

Memory: 4k page, physical 4015540k(163900k free), swap 0k(0k free)

vm_info: OpenJDK Server VM (20.0-b12) for linux-x86 JRE (1.6.0_27-b27), built on Jul 16 2013 09:40:52 by "buildd" with gcc 4.7.2

time: Mon Nov 11 07:22:22 2013
elapsed time: 1 seconds

